<?xml version="1.0" encoding="UTF-8"?>
<testsuite name="csvparser.FileReaderTest" tests="2" skipped="0" failures="0" errors="0" timestamp="2020-09-21T06:25:18" hostname="DESKTOP-P88O7Q1" time="0.04">
  <properties/>
  <testcase name="givenNonExistentFile_whenRead_thenFileNotFoundExceptionWithFileName()" classname="csvparser.FileReaderTest" time="0.027"/>
  <testcase name="givenCountryFile_whenRead_thenReturnedStreamOfLines()" classname="csvparser.FileReaderTest" time="0.009"/>
  <system-out><![CDATA[]]></system-out>
  <system-err><![CDATA[]]></system-err>
</testsuite>
