<?xml version="1.0" encoding="UTF-8"?>
<testsuite name="csvparser.FileReaderTest" tests="2" skipped="0" failures="0" errors="0" timestamp="2020-09-30T11:05:53" hostname="DESKTOP-P88O7Q1" time="0.021">
  <properties/>
  <testcase name="givenNonExistentFile_whenRead_thenFileNotFoundExceptionWithFileName()" classname="csvparser.FileReaderTest" time="0.013"/>
  <testcase name="givenCountryFile_whenRead_thenReturnedStreamOfLines()" classname="csvparser.FileReaderTest" time="0.007"/>
  <system-out><![CDATA[]]></system-out>
  <system-err><![CDATA[]]></system-err>
</testsuite>
