<?xml version="1.0" encoding="UTF-8"?>
<testsuite name="csvparser.FormatterTest" tests="1" skipped="0" failures="0" errors="0" timestamp="2020-09-21T06:25:18" hostname="DESKTOP-P88O7Q1" time="0.001">
  <properties/>
  <testcase name="givenCSVLineAndDashAsSeparator_whenFormat_thenReturnedLengthOfEachValueJoinedByDash()" classname="csvparser.FormatterTest" time="0.001"/>
  <system-out><![CDATA[]]></system-out>
  <system-err><![CDATA[]]></system-err>
</testsuite>
