<?xml version="1.0" encoding="UTF-8"?>
<testsuite name="csvparser.FileReaderTest" tests="2" skipped="0" failures="0" errors="0" timestamp="2020-09-14T12:34:07" hostname="DESKTOP-P88O7Q1" time="0.013">
  <properties/>
  <testcase name="givenNonExistentFile_whenRead_thenFileNotFoundExceptionWithFileName()" classname="csvparser.FileReaderTest" time="0.008"/>
  <testcase name="givenCountryFile_whenRead_thenReturnedStreamOfLines()" classname="csvparser.FileReaderTest" time="0.004"/>
  <system-out><![CDATA[]]></system-out>
  <system-err><![CDATA[]]></system-err>
</testsuite>
