<?xml version="1.0" encoding="UTF-8"?>
<testsuite name="csvparser.FormatterTest" tests="1" skipped="0" failures="0" errors="0" timestamp="2020-09-14T12:34:07" hostname="DESKTOP-P88O7Q1" time="0.004">
  <properties/>
  <testcase name="givenCSVLineAndDashAsSeparator_whenFormat_thenReturnedLengthOfEachValueJoinedByDash()" classname="csvparser.FormatterTest" time="0.004"/>
  <system-out><![CDATA[]]></system-out>
  <system-err><![CDATA[]]></system-err>
</testsuite>
